<?xml version="1.0" encoding="UTF-8"?>
<testng-results ignored="0" total="1" passed="1" failed="0" skipped="0">
  <reporter-output>
  </reporter-output>
  <suite started-at="2025-07-06T20:20:02 IST" name="Surefire suite" finished-at="2025-07-06T20:20:17 IST" duration-ms="15767">
    <groups>
    </groups>
    <test started-at="2025-07-06T20:20:02 IST" name="Surefire test" finished-at="2025-07-06T20:20:17 IST" duration-ms="15767">
      <class name="naukri_profile_automation.UpdateResume">
        <test-method signature="uploadResumeToNaukri()[pri:0, instance:naukri_profile_automation.UpdateResume@4c9f8c13]" started-at="2025-07-06T20:20:02 IST" name="uploadResumeToNaukri" finished-at="2025-07-06T20:20:17 IST" duration-ms="15729" status="PASS">
          <reporter-output>
          </reporter-output>
        </test-method> <!-- uploadResumeToNaukri -->
      </class> <!-- naukri_profile_automation.UpdateResume -->
    </test> <!-- Surefire test -->
  </suite> <!-- Surefire suite -->
</testng-results>
