<?xml version="1.0" encoding="UTF-8"?>
<testng-results ignored="0" total="1" passed="1" failed="0" skipped="0">
  <reporter-output>
  </reporter-output>
  <suite started-at="2025-07-06T22:54:27 IST" name="Default suite" finished-at="2025-07-06T22:55:07 IST" duration-ms="39825">
    <groups>
    </groups>
    <test started-at="2025-07-06T22:54:27 IST" name="Default test" finished-at="2025-07-06T22:55:07 IST" duration-ms="39825">
      <class name="naukri_profile_automation.UpdateResume">
        <test-method is-config="true" signature="setUp(java.lang.reflect.Method)[pri:0, instance:naukri_profile_automation.UpdateResume@37052337]" started-at="2025-07-06T22:54:27 IST" name="setUp" finished-at="2025-07-06T22:54:32 IST" duration-ms="5266" status="PASS">
          <params>
            <param index="0">
              <value>
                <![CDATA[public void naukri_profile_automation.UpdateResume.uploadResumeToNaukri() throws java.lang.InterruptedException,java.net.URISyntaxException]]>
              </value>
            </param>
          </params>
          <reporter-output>
          </reporter-output>
        </test-method> <!-- setUp -->
        <test-method signature="uploadResumeToNaukri()[pri:0, instance:naukri_profile_automation.UpdateResume@37052337]" started-at="2025-07-06T22:54:32 IST" name="uploadResumeToNaukri" finished-at="2025-07-06T22:55:06 IST" duration-ms="34096" status="PASS">
          <reporter-output>
          </reporter-output>
        </test-method> <!-- uploadResumeToNaukri -->
        <test-method is-config="true" signature="tearDown(java.lang.reflect.Method)[pri:0, instance:naukri_profile_automation.UpdateResume@37052337]" started-at="2025-07-06T22:55:06 IST" name="tearDown" finished-at="2025-07-06T22:55:07 IST" duration-ms="279" status="PASS">
          <params>
            <param index="0">
              <value>
                <![CDATA[public void naukri_profile_automation.UpdateResume.uploadResumeToNaukri() throws java.lang.InterruptedException,java.net.URISyntaxException]]>
              </value>
            </param>
          </params>
          <reporter-output>
          </reporter-output>
        </test-method> <!-- tearDown -->
      </class> <!-- naukri_profile_automation.UpdateResume -->
    </test> <!-- Default test -->
  </suite> <!-- Default suite -->
</testng-results>
